Determining if the pthread_create exist failed with the following output:
Change Dir: /home/franki/apps/qt/october/ocatcher-dev/catcherdev/zxing-cpp/CMakeFiles/CMakeTmp

Run Build Command:"/usr/bin/make" "cmTC_8f81b/fast"
/usr/bin/make -f CMakeFiles/cmTC_8f81b.dir/build.make CMakeFiles/cmTC_8f81b.dir/build
make[1]: Wejście do katalogu '/home/franki/apps/qt/october/ocatcher-dev/catcherdev/zxing-cpp/CMakeFiles/CMakeTmp'
Building C object CMakeFiles/cmTC_8f81b.dir/CheckSymbolExists.c.o
/usr/bin/cc     -o CMakeFiles/cmTC_8f81b.dir/CheckSymbolExists.c.o   -c /home/franki/apps/qt/october/ocatcher-dev/catcherdev/zxing-cpp/CMakeFiles/CMakeTmp/CheckSymbolExists.c
Linking C executable cmTC_8f81b
/usr/bin/cmake -E cmake_link_script CMakeFiles/cmTC_8f81b.dir/link.txt --verbose=1
/usr/bin/cc       CMakeFiles/cmTC_8f81b.dir/CheckSymbolExists.c.o  -o cmTC_8f81b -rdynamic 
CMakeFiles/cmTC_8f81b.dir/CheckSymbolExists.c.o: In function `main':
CheckSymbolExists.c:(.text+0x1b): undefined reference to `pthread_create'
collect2: error: ld returned 1 exit status
CMakeFiles/cmTC_8f81b.dir/build.make:97: polecenia dla obiektu 'cmTC_8f81b' nie powiodły się
make[1]: *** [cmTC_8f81b] Błąd 1
make[1]: Opuszczenie katalogu '/home/franki/apps/qt/october/ocatcher-dev/catcherdev/zxing-cpp/CMakeFiles/CMakeTmp'
Makefile:126: polecenia dla obiektu 'cmTC_8f81b/fast' nie powiodły się
make: *** [cmTC_8f81b/fast] Błąd 2

File /home/franki/apps/qt/october/ocatcher-dev/catcherdev/zxing-cpp/CMakeFiles/CMakeTmp/CheckSymbolExists.c:
/* */
#include <pthread.h>

int main(int argc, char** argv)
{
  (void)argv;
#ifndef pthread_create
  return ((int*)(&pthread_create))[argc];
#else
  (void)argc;
  return 0;
#endif
}

Determining if the function pthread_create exists in the pthreads failed with the following output:
Change Dir: /home/franki/apps/qt/october/ocatcher-dev/catcherdev/zxing-cpp/CMakeFiles/CMakeTmp

Run Build Command:"/usr/bin/make" "cmTC_c3334/fast"
/usr/bin/make -f CMakeFiles/cmTC_c3334.dir/build.make CMakeFiles/cmTC_c3334.dir/build
make[1]: Wejście do katalogu '/home/franki/apps/qt/october/ocatcher-dev/catcherdev/zxing-cpp/CMakeFiles/CMakeTmp'
Building C object CMakeFiles/cmTC_c3334.dir/CheckFunctionExists.c.o
/usr/bin/cc    -DCHECK_FUNCTION_EXISTS=pthread_create   -o CMakeFiles/cmTC_c3334.dir/CheckFunctionExists.c.o   -c /usr/share/cmake-3.7/Modules/CheckFunctionExists.c
Linking C executable cmTC_c3334
/usr/bin/cmake -E cmake_link_script CMakeFiles/cmTC_c3334.dir/link.txt --verbose=1
/usr/bin/cc   -DCHECK_FUNCTION_EXISTS=pthread_create    CMakeFiles/cmTC_c3334.dir/CheckFunctionExists.c.o  -o cmTC_c3334 -rdynamic -lpthreads 
/usr/bin/ld: cannot find -lpthreads
collect2: error: ld returned 1 exit status
CMakeFiles/cmTC_c3334.dir/build.make:97: polecenia dla obiektu 'cmTC_c3334' nie powiodły się
make[1]: *** [cmTC_c3334] Błąd 1
make[1]: Opuszczenie katalogu '/home/franki/apps/qt/october/ocatcher-dev/catcherdev/zxing-cpp/CMakeFiles/CMakeTmp'
Makefile:126: polecenia dla obiektu 'cmTC_c3334/fast' nie powiodły się
make: *** [cmTC_c3334/fast] Błąd 2


